c:\users\yash1861991\source\repos\shortedpath\shortedpath\release\vc141.pdb
c:\users\yash1861991\source\repos\shortedpath\shortedpath\release\primsalgo.obj
c:\users\yash1861991\source\repos\shortedpath\shortedpath\release\krushalalgo.obj
c:\users\yash1861991\source\repos\shortedpath\shortedpath\release\shortedpath.pch
c:\users\yash1861991\source\repos\shortedpath\shortedpath\release\stdafx.obj
c:\users\yash1861991\source\repos\shortedpath\shortedpath\release\dllmain.obj
c:\users\yash1861991\source\repos\shortedpath\shortedpath\release\shortedpath.obj
c:\users\yash1861991\source\repos\shortedpath\shortedpath\release\graph.obj
c:\users\yash1861991\source\repos\shortedpath\shortedpath\release\dijkstraalgo.obj
c:\users\yash1861991\source\repos\shortedpath\release\shortedpath.dll
c:\users\yash1861991\source\repos\shortedpath\release\shortedpath.pdb
c:\users\yash1861991\source\repos\shortedpath\release\shortedpath.lib
c:\users\yash1861991\source\repos\shortedpath\release\shortedpath.exp
c:\users\yash1861991\source\repos\shortedpath\release\shortedpath.ipdb
c:\users\yash1861991\source\repos\shortedpath\release\shortedpath.iobj
c:\users\yash1861991\source\repos\shortedpath\shortedpath\release\shortedpath.tlog\cl.command.1.tlog
c:\users\yash1861991\source\repos\shortedpath\shortedpath\release\shortedpath.tlog\cl.read.1.tlog
c:\users\yash1861991\source\repos\shortedpath\shortedpath\release\shortedpath.tlog\cl.write.1.tlog
c:\users\yash1861991\source\repos\shortedpath\shortedpath\release\shortedpath.tlog\link.command.1.tlog
c:\users\yash1861991\source\repos\shortedpath\shortedpath\release\shortedpath.tlog\link.delete.1.tlog
c:\users\yash1861991\source\repos\shortedpath\shortedpath\release\shortedpath.tlog\link.read.1.tlog
c:\users\yash1861991\source\repos\shortedpath\shortedpath\release\shortedpath.tlog\link.write.1.tlog
c:\users\yash1861991\source\repos\shortedpath\shortedpath\release\shortedpath.tlog\shortedpath.write.1u.tlog
