c:\users\yash1861991\source\repos\shortedpath\shortedpath\debug\shortedpath.pch
c:\users\yash1861991\source\repos\shortedpath\shortedpath\debug\vc141.pdb
c:\users\yash1861991\source\repos\shortedpath\shortedpath\debug\vc141.idb
c:\users\yash1861991\source\repos\shortedpath\shortedpath\debug\stdafx.obj
c:\users\yash1861991\source\repos\shortedpath\shortedpath\debug\shortedpath.obj
c:\users\yash1861991\source\repos\shortedpath\shortedpath\debug\primsalgo.obj
c:\users\yash1861991\source\repos\shortedpath\shortedpath\debug\krushalalgo.obj
c:\users\yash1861991\source\repos\shortedpath\shortedpath\debug\graph.obj
c:\users\yash1861991\source\repos\shortedpath\shortedpath\debug\floydwarshall.obj
c:\users\yash1861991\source\repos\shortedpath\shortedpath\debug\dllmain.obj
c:\users\yash1861991\source\repos\shortedpath\shortedpath\debug\dijkstraalgo.obj
c:\users\yash1861991\source\repos\shortedpath\shortedpath\debug\bellmonford.obj
c:\users\yash1861991\source\repos\shortedpath\debug\shortedpath.ilk
c:\users\yash1861991\source\repos\shortedpath\debug\shortedpath.dll
c:\users\yash1861991\source\repos\shortedpath\debug\shortedpath.pdb
c:\users\yash1861991\source\repos\shortedpath\debug\shortedpath.lib
c:\users\yash1861991\source\repos\shortedpath\debug\shortedpath.exp
c:\users\yash1861991\source\repos\shortedpath\shortedpath\debug\shortedpath.tlog\cl.command.1.tlog
c:\users\yash1861991\source\repos\shortedpath\shortedpath\debug\shortedpath.tlog\cl.read.1.tlog
c:\users\yash1861991\source\repos\shortedpath\shortedpath\debug\shortedpath.tlog\cl.write.1.tlog
c:\users\yash1861991\source\repos\shortedpath\shortedpath\debug\shortedpath.tlog\link.command.1.tlog
c:\users\yash1861991\source\repos\shortedpath\shortedpath\debug\shortedpath.tlog\link.read.1.tlog
c:\users\yash1861991\source\repos\shortedpath\shortedpath\debug\shortedpath.tlog\link.write.1.tlog
c:\users\yash1861991\source\repos\shortedpath\shortedpath\debug\shortedpath.tlog\shortedpath.write.1u.tlog
